0000 - 1F000029 - lea prompt
0001 - 1A00001F - call print_pstr
0002 - 1D000000 - ei
0003 - 03000003 - ld done
0004 - 12000003 - jz wait_name
0005 - 1E000000 - di
0006 - 1F00003D - lea hello
0007 - 1A00001F - call print_pstr
0008 - 1F000005 - lea name
0009 - 1A00001F - call print_pstr
0010 - 03000002 - ld ascii_bang
0011 - 0400FF01 - st %out
0012 - 03000001 - ld newline
0013 - 0400FF01 - st %out
0014 - 01000000 - halt
0015 - 0300FF00 - ld %in
0016 - 04000004 - st char
0017 - 0F000001 - cmp newline
0018 - 1200001C - jz input_done
0019 - 03000004 - ld char
0020 - 21000026 - stx name_ptr
0021 - 03000026 - ld name_ptr
0022 - 05000000 - add one
0023 - 04000026 - st name_ptr
0024 - 03000005 - ld name
0025 - 05000000 - add one
0026 - 04000005 - st name
0027 - 1C000000 - iret
0028 - 03000000 - ld one
0029 - 04000003 - st done
0030 - 1C000000 - iret
0031 - 04000027 - st pstr_ptr
0032 - 20000027 - ldx pstr_ptr
0033 - 04000028 - st pstr_len
0034 - 03000027 - ld pstr_ptr
0035 - 05000000 - add one
0036 - 04000027 - st pstr_ptr
0037 - 03000028 - ld pstr_len
0038 - 12000030 - jz print_pstr_done
0039 - 20000027 - ldx pstr_ptr
0040 - 0400FF01 - st %out
0041 - 03000027 - ld pstr_ptr
0042 - 05000000 - add one
0043 - 04000027 - st pstr_ptr
0044 - 03000028 - ld pstr_len
0045 - 06000000 - sub one
0046 - 04000028 - st pstr_len
0047 - 11000025 - jmp print_pstr_loop
0048 - 1B000000 - ret
