0000 - 03000006 - ld a_lo
0001 - 05000008 - add b_lo
0002 - 0400000A - st sum_lo
0003 - 0F000004 - cmp base
0004 - 17000009 - jl no_carry
0005 - 06000004 - sub base
0006 - 0400000A - st sum_lo
0007 - 03000000 - ld one
0008 - 0400000B - st carry
0009 - 03000005 - ld a_hi
0010 - 05000007 - add b_hi
0011 - 0500000B - add carry
0012 - 04000009 - st sum_hi
0013 - 03000009 - ld sum_hi
0014 - 1A000014 - call print_uint
0015 - 0300000A - ld sum_lo
0016 - 1A000039 - call print_padded9
0017 - 03000002 - ld newline
0018 - 0400FF01 - st %out
0019 - 01000000 - halt
0020 - 0400000C - st print_n
0021 - 02000000 - ldi 0
0022 - 0400000D - st digit_count
0023 - 1F00000F - lea digits
0024 - 0400000E - st digit_ptr
0025 - 0300000C - ld print_n
0026 - 1300001E - jnz print_uint_loop
0027 - 03000003 - ld ascii_zero
0028 - 0400FF01 - st %out
0029 - 1B000000 - ret
0030 - 0300000C - ld print_n
0031 - 1200002D - jz emit_digits
0032 - 09000001 - mod ten
0033 - 05000003 - add ascii_zero
0034 - 2100000E - stx digit_ptr
0035 - 0300000E - ld digit_ptr
0036 - 05000000 - add one
0037 - 0400000E - st digit_ptr
0038 - 0300000D - ld digit_count
0039 - 05000000 - add one
0040 - 0400000D - st digit_count
0041 - 0300000C - ld print_n
0042 - 08000001 - div ten
0043 - 0400000C - st print_n
0044 - 1100001E - jmp print_uint_loop
0045 - 0300000D - ld digit_count
0046 - 12000038 - jz print_uint_done
0047 - 0300000E - ld digit_ptr
0048 - 06000000 - sub one
0049 - 0400000E - st digit_ptr
0050 - 2000000E - ldx digit_ptr
0051 - 0400FF01 - st %out
0052 - 0300000D - ld digit_count
0053 - 06000000 - sub one
0054 - 0400000D - st digit_count
0055 - 1100002D - jmp emit_digits
0056 - 1B000000 - ret
0057 - 0400001F - st pad_value
0058 - 03000020 - ld pad_div
0059 - 12000047 - jz pad_done
0060 - 0300001F - ld pad_value
0061 - 08000020 - div pad_div
0062 - 05000003 - add ascii_zero
0063 - 0400FF01 - st %out
0064 - 0300001F - ld pad_value
0065 - 09000020 - mod pad_div
0066 - 0400001F - st pad_value
0067 - 03000020 - ld pad_div
0068 - 08000001 - div ten
0069 - 04000020 - st pad_div
0070 - 1100003A - jmp pad_loop
0071 - 1B000000 - ret
