0000 - 02000000 - ldi 0
0001 - 04000019 - st k
0002 - 03000019 - ld k
0003 - 10000004 - cmpi 4
0004 - 18000024 - jge print_result
0005 - 2000001A - ldx a_ptr
0006 - 0400001F - st tmp
0007 - 2000001B - ldx b_ptr
0008 - 0500001F - add tmp
0009 - 2100001D - stx out_ptr
0010 - 10000003 - cmpi 3
0011 - 1900000F - jg write_true
0012 - 02000000 - ldi 0
0013 - 2100001E - stx cmp_ptr
0014 - 11000011 - jmp advance
0015 - 03000000 - ld one
0016 - 2100001E - stx cmp_ptr
0017 - 0300001A - ld a_ptr
0018 - 05000000 - add one
0019 - 0400001A - st a_ptr
0020 - 0300001B - ld b_ptr
0021 - 05000000 - add one
0022 - 0400001B - st b_ptr
0023 - 0300001C - ld limit_ptr
0024 - 05000000 - add one
0025 - 0400001C - st limit_ptr
0026 - 0300001D - ld out_ptr
0027 - 05000000 - add one
0028 - 0400001D - st out_ptr
0029 - 0300001E - ld cmp_ptr
0030 - 05000000 - add one
0031 - 0400001E - st cmp_ptr
0032 - 03000019 - ld k
0033 - 05000000 - add one
0034 - 04000019 - st k
0035 - 11000002 - jmp scalar_loop
0036 - 1F000011 - lea out
0037 - 04000020 - st arr_ptr
0038 - 02000004 - ldi 4
0039 - 04000021 - st arr_left
0040 - 1A00002F - call print_array
0041 - 1F000015 - lea cmp_out
0042 - 04000020 - st arr_ptr
0043 - 02000004 - ldi 4
0044 - 04000021 - st arr_left
0045 - 1A00002F - call print_array
0046 - 01000000 - halt
0047 - 03000021 - ld arr_left
0048 - 12000040 - jz print_array_done
0049 - 20000020 - ldx arr_ptr
0050 - 1A000041 - call print_uint
0051 - 03000020 - ld arr_ptr
0052 - 05000000 - add one
0053 - 04000020 - st arr_ptr
0054 - 03000021 - ld arr_left
0055 - 06000000 - sub one
0056 - 04000021 - st arr_left
0057 - 1200003D - jz print_array_newline
0058 - 03000003 - ld space
0059 - 0400FF01 - st %out
0060 - 1100002F - jmp print_array
0061 - 03000002 - ld newline
0062 - 0400FF01 - st %out
0063 - 1100002F - jmp print_array
0064 - 1B000000 - ret
0065 - 04000022 - st print_n
0066 - 02000000 - ldi 0
0067 - 04000023 - st digit_count
0068 - 1F000025 - lea digits
0069 - 04000024 - st digit_ptr
0070 - 03000022 - ld print_n
0071 - 1300004B - jnz print_uint_loop
0072 - 03000004 - ld ascii_zero
0073 - 0400FF01 - st %out
0074 - 1B000000 - ret
0075 - 03000022 - ld print_n
0076 - 1200005A - jz emit_digits
0077 - 09000001 - mod ten
0078 - 05000004 - add ascii_zero
0079 - 21000024 - stx digit_ptr
0080 - 03000024 - ld digit_ptr
0081 - 05000000 - add one
0082 - 04000024 - st digit_ptr
0083 - 03000023 - ld digit_count
0084 - 05000000 - add one
0085 - 04000023 - st digit_count
0086 - 03000022 - ld print_n
0087 - 08000001 - div ten
0088 - 04000022 - st print_n
0089 - 1100004B - jmp print_uint_loop
0090 - 03000023 - ld digit_count
0091 - 12000065 - jz print_uint_done
0092 - 03000024 - ld digit_ptr
0093 - 06000000 - sub one
0094 - 04000024 - st digit_ptr
0095 - 20000024 - ldx digit_ptr
0096 - 0400FF01 - st %out
0097 - 03000023 - ld digit_count
0098 - 06000000 - sub one
0099 - 04000023 - st digit_count
0100 - 1100005A - jmp emit_digits
0101 - 1B000000 - ret
