0000 - 28000005 - vld v0, a
0001 - 28100009 - vld v1, b
0002 - 2A010000 - vadd v0, v1
0003 - 29000011 - vst v0, out
0004 - 2820000D - vld v2, limit
0005 - 2E020000 - vcmpgt v0, v2
0006 - 29000015 - vst v0, cmp_out
0007 - 1F000011 - lea out
0008 - 04000019 - st arr_ptr
0009 - 02000004 - ldi 4
0010 - 0400001A - st arr_left
0011 - 1A000012 - call print_array
0012 - 1F000015 - lea cmp_out
0013 - 04000019 - st arr_ptr
0014 - 02000004 - ldi 4
0015 - 0400001A - st arr_left
0016 - 1A000012 - call print_array
0017 - 01000000 - halt
0018 - 0300001A - ld arr_left
0019 - 12000023 - jz print_array_done
0020 - 20000019 - ldx arr_ptr
0021 - 1A000024 - call print_uint
0022 - 03000019 - ld arr_ptr
0023 - 05000000 - add one
0024 - 04000019 - st arr_ptr
0025 - 0300001A - ld arr_left
0026 - 06000000 - sub one
0027 - 0400001A - st arr_left
0028 - 12000020 - jz print_array_newline
0029 - 03000003 - ld space
0030 - 0400FF01 - st %out
0031 - 11000012 - jmp print_array
0032 - 03000002 - ld newline
0033 - 0400FF01 - st %out
0034 - 11000012 - jmp print_array
0035 - 1B000000 - ret
0036 - 0400001B - st print_n
0037 - 02000000 - ldi 0
0038 - 0400001C - st digit_count
0039 - 1F00001E - lea digits
0040 - 0400001D - st digit_ptr
0041 - 0300001B - ld print_n
0042 - 1300002E - jnz print_uint_loop
0043 - 03000004 - ld ascii_zero
0044 - 0400FF01 - st %out
0045 - 1B000000 - ret
0046 - 0300001B - ld print_n
0047 - 1200003D - jz emit_digits
0048 - 09000001 - mod ten
0049 - 05000004 - add ascii_zero
0050 - 2100001D - stx digit_ptr
0051 - 0300001D - ld digit_ptr
0052 - 05000000 - add one
0053 - 0400001D - st digit_ptr
0054 - 0300001C - ld digit_count
0055 - 05000000 - add one
0056 - 0400001C - st digit_count
0057 - 0300001B - ld print_n
0058 - 08000001 - div ten
0059 - 0400001B - st print_n
0060 - 1100002E - jmp print_uint_loop
0061 - 0300001C - ld digit_count
0062 - 12000048 - jz print_uint_done
0063 - 0300001D - ld digit_ptr
0064 - 06000000 - sub one
0065 - 0400001D - st digit_ptr
0066 - 2000001D - ldx digit_ptr
0067 - 0400FF01 - st %out
0068 - 0300001C - ld digit_count
0069 - 06000000 - sub one
0070 - 0400001C - st digit_count
0071 - 1100003D - jmp emit_digits
0072 - 1B000000 - ret
